1
0.000000
0

2
0.000000
1
1.000000 1.000000 1.000000

6
3.044999
2
0.666667 0.333333 0.500000
1.000000 0.000000 1.000000

6
3.045004
2
0.666667 0.333333 0.500000
1.666667 0.333333 0.500000

6
4.306282
2
0.666667 0.333333 0.500000
2.000000 1.000000 0.000000

2
4.972461
2
0.666667 0.333333 0.500000
0.666667 0.333333 -0.500000

12
5.274098
2
0.666667 0.333333 0.500000
2.000000 0.000000 0.000000

6
5.274102
2
0.666667 0.333333 0.500000
-1.333333 -0.666667 0.500000

12
5.830730
2
0.666667 0.333333 0.500000
-0.333333 0.333333 -0.500000

12
3.045004
3
0.666667 0.333333 0.500000
0.000000 0.000000 0.000000
1.000000 0.000000 0.000000

2
3.045004
3
0.666667 0.333333 0.500000
0.666667 -0.666667 0.500000
1.666667 0.333333 0.500000

2
3.045004
3
0.666667 0.333333 0.500000
1.666667 1.333333 0.500000
1.666667 0.333333 0.500000

24
4.306282
3
0.666667 0.333333 0.500000
1.000000 0.000000 0.000000
2.000000 1.000000 0.000000

4
3.045004
4
0.666667 0.333333 0.500000
1.000000 1.000000 0.000000
0.000000 0.000000 0.000000
1.000000 0.000000 0.000000

12
4.306282
4
0.666667 0.333333 0.500000
1.000000 1.000000 0.000000
1.000000 0.000000 0.000000
2.000000 1.000000 0.000000

12
4.306282
4
0.666667 0.333333 0.500000
1.666667 0.333333 0.500000
1.000000 0.000000 0.000000
2.000000 1.000000 0.000000

6
4.306283
4
0.666667 0.333333 0.500000
1.666667 1.333333 0.500000
1.000000 0.000000 0.000000
2.000000 1.000000 0.000000

