0.000000 0.300953 0.209109 0.091844 1.000000 0
1.000000 -0.000000 0.006858 -0.006858 1.000000 1
0.500000 0.150822 0.073156 0.077666 1.000000 2
0.250000 -0.054686 0.141133 -0.195818 1.000000 10
0.500000 0.155865 0.090570 0.065295 1.000000 11
0.750000 0.076789 0.040007 0.036782 1.000000 12
0.250000 0.156741 0.136000 0.020740 1.000000 3
0.500000 0.105401 0.086110 0.019291 1.000000 4
0.500000 0.113073 0.074501 0.038572 1.000000 5
0.750000 0.067653 0.034875 0.032778 1.000000 6
0.250000 -0.062532 0.136000 -0.198532 1.000000 7
0.500000 0.118194 0.080305 0.037889 1.000000 8
0.750000 -0.332729 0.034875 -0.367603 1.000000 9
0.333333 -0.102495 0.127110 -0.229605 1.000000 14
0.333333 0.143030 0.111631 0.031399 1.000000 16
0.333333 0.148452 0.119370 0.029081 1.000000 18
0.500000 0.116671 0.089532 0.027140 1.000000 19
0.666667 0.077639 0.059693 0.017946 1.000000 20
0.500000 -0.206227 0.074053 -0.280280 1.000000 21
0.666667 0.087007 0.051953 0.035054 1.000000 23
0.666667 0.082011 0.044214 0.037797 1.000000 24
0.333333 0.150539 0.115501 0.035039 1.000000 29
0.166667 0.253999 0.158659 0.095340 1.000000 39
0.333333 0.148479 0.115949 0.032530 1.000000 40
0.333333 0.206352 0.113342 0.093010 1.000000 41
0.666667 0.079422 0.048532 0.030890 1.000000 43
0.666667 0.082038 0.045925 0.036113 1.000000 44
0.833333 0.053939 0.023825 0.030114 1.000000 45
0.166667 0.255747 0.158659 0.097088 1.000000 46
0.666667 0.096521 0.048532 0.047989 1.000000 50
0.166667 0.255647 0.163791 0.091856 1.000000 53
0.833333 0.050631 0.028957 0.021674 1.000000 62
0.833333 0.052920 0.023825 0.029094 1.000000 52
0.500000 0.114680 0.073828 0.040852 1.000000 88
0.500000 0.115769 0.073828 0.041941 1.000000 90
0.125000 0.176273 0.171272 0.005001 1.000000 135
0.875000 0.038872 0.019583 0.019289 1.000000 155
0.125000 0.018794 0.171272 -0.152478 1.000000 198
0.500000 0.166953 0.082872 0.084081 1.000000 258
