3.045004 0.000000 0.000000
-1.522502 2.637051 0.000000
0.000000 0.000000 4.972461
1.000000 0.000000 0.000000
0.000000 1.000000 0.000000
0.000000 0.000000 1.000000
1.000000 1.000000 1.000000 Nb
0.666667 0.333333 0.500000 Nb
end

3.045004 0.000000 0.000000
-1.522502 2.637051 0.000000
0.000000 0.000000 4.972461
2.000000 1.000000 -1.000000
2.000000 0.000000 0.000000
-0.000000 -1.000000 -1.000000
2.000000 0.000000 -1.000000 Ti
1.666667 0.333333 -0.500000 Nb
3.000000 0.000000 -1.000000 Nb
2.666667 0.333333 -0.500000 Nb
3.000000 0.000000 -2.000000 Nb
2.666667 0.333333 -1.500000 Nb
4.000000 0.000000 -2.000000 Nb
3.666667 0.333333 -1.500000 Nb
end

3.045004 0.000000 0.000000
-1.522502 2.637051 0.000000
0.000000 0.000000 4.972461
0.000000 1.000000 1.000000
0.000000 1.000000 -1.000000
-2.000000 -1.000000 0.000000
-2.000000 1.000000 0.000000 Nb
-0.333333 1.333333 -0.500000 Ti
-1.000000 1.000000 0.000000 Ti
-1.333333 0.333333 -0.500000 Ti
-2.000000 0.000000 0.000000 Ti
-0.333333 1.333333 0.500000 Nb
-1.000000 0.000000 0.000000 Nb
-1.333333 0.333333 0.500000 Nb
end

3.045004 0.000000 0.000000
-1.522502 2.637051 0.000000
0.000000 0.000000 4.972461
1.000000 0.000000 0.000000
0.000000 1.000000 0.000000
0.000000 0.000000 1.000000
1.000000 1.000000 1.000000 Ti
0.666667 0.333333 0.500000 Ti
end

