0.333333 0.000000 0.113648 ? ug
0.666667 0.000000 0.049317 ? ug
0.333333 0.000000 0.113648 ? ug
0.666667 0.000000 0.049317 ? ug
0.333333 0.000000 0.111853 ? ug
0.666667 0.000000 0.047522 ? ug
0.250000 0.000000 0.134032 ? ug
0.250000 0.000000 0.134032 ? ug
0.375000 0.000000 0.103456 ? ug
0.375000 0.000000 0.100764 ? ug
0.625000 0.000000 0.055208 ? ug
0.625000 0.000000 0.052515 ? ug
0.250000 0.000000 0.134032 ? ug
0.375000 0.000000 0.103456 ? ug
0.375000 0.000000 0.103812 ? ug
0.625000 0.000000 0.055208 ? ug
0.625000 0.000000 0.055563 ? ug
0.250000 0.000000 0.134032 ? ug
0.375000 0.000000 0.102110 ? ug
0.375000 0.000000 0.102821 ? ug
0.625000 0.000000 0.053862 ? ug
0.625000 0.000000 0.054572 ? ug
0.375000 0.000000 0.102110 ? ug
0.375000 0.000000 0.102821 ? ug
0.625000 0.000000 0.053862 ? ug
0.625000 0.000000 0.054572 ? ug
0.250000 0.000000 0.134032 ? ug
0.375000 0.000000 0.102110 ? ug
0.375000 0.000000 0.102821 ? ug
0.625000 0.000000 0.053862 ? ug
0.625000 0.000000 0.054572 ? ug
0.250000 0.000000 0.134032 ? ug
0.250000 0.000000 0.131339 ? ug
0.375000 0.000000 0.102821 ? ug
0.375000 0.000000 0.102110 ? ug
0.375000 0.000000 0.102821 ? ug
0.625000 0.000000 0.054572 ? ug
0.625000 0.000000 0.053862 ? ug
0.625000 0.000000 0.054572 ? ug
0.750000 0.000000 0.034843 ? ug
0.875000 0.000000 0.023902 ? ug
0.375000 0.000000 0.103456 ? ug
0.625000 0.000000 0.055208 ? ug
0.125000 0.000000 0.168647 ? ug
0.250000 0.000000 0.131339 ? ug
0.375000 0.000000 0.102821 ? ug
0.375000 0.000000 0.102110 ? ug
0.625000 0.000000 0.054572 ? ug
0.625000 0.000000 0.053862 ? ug
0.750000 0.000000 0.034843 ? ug
0.875000 0.000000 0.023902 ? ug
0.375000 0.000000 0.103456 ? ug
0.625000 0.000000 0.055208 ? ug
0.250000 0.000000 0.134032 ? ug
0.375000 0.000000 0.103456 ? ug
0.625000 0.000000 0.055208 ? ug
