<<<<<<< HEAD
0.166667 0.000000 0.158006 ? u
0.333333 0.000000 0.113648 ? ug
0.500000 0.000000 0.081957 ? u
0.666667 0.000000 0.049317 ? ug
0.833333 0.000000 0.029344 ? u
0.166667 0.000000 0.158006 ? u
0.333333 0.000000 0.122250 ? u
0.333333 0.000000 0.113648 ? ug
0.500000 0.000000 0.081957 ? u
0.333333 0.000000 0.118186 ? u
0.500000 0.000000 0.086021 ? u
0.666667 0.000000 0.057919 ? u
0.500000 0.000000 0.077892 ? u
0.666667 0.000000 0.049317 ? ug
0.666667 0.000000 0.053855 ? u
0.666667 0.000000 0.049791 ? u
0.833333 0.000000 0.029344 ? u
0.500000 0.000000 0.078366 ? u
0.333333 0.000000 0.114596 ? u
0.333333 0.000000 0.111853 ? ug
0.500000 0.000000 0.078366 ? u
0.666667 0.000000 0.047522 ? ug
0.333333 0.000000 0.129431 ? u
0.333333 0.000000 0.117239 ? u
0.333333 0.000000 0.117239 ? u
0.500000 0.000000 0.085073 ? u
0.500000 0.000000 0.097265 ? u
0.666667 0.000000 0.065100 ? u
0.666667 0.000000 0.052908 ? u
0.666667 0.000000 0.052908 ? u
0.125000 0.000000 0.169993 ? u
0.250000 0.000000 0.146224 ? u
0.250000 0.000000 0.136725 ? u
0.250000 0.000000 0.134032 ? ug
0.375000 0.000000 0.112956 ? u
0.250000 0.000000 0.140128 ? u
0.375000 0.000000 0.119052 ? u
0.500000 0.000000 0.097976 ? u
0.250000 0.000000 0.134032 ? ug
0.375000 0.000000 0.110263 ? u
0.375000 0.000000 0.103456 ? ug
0.375000 0.000000 0.100764 ? ug
0.500000 0.000000 0.079688 ? u
0.375000 0.000000 0.104167 ? u
0.500000 0.000000 0.083091 ? u
0.500000 0.000000 0.085784 ? u
0.500000 0.000000 0.079688 ? u
0.625000 0.000000 0.064708 ? u
0.375000 0.000000 0.106860 ? u
0.500000 0.000000 0.083091 ? u
0.500000 0.000000 0.085784 ? u
0.500000 0.000000 0.091880 ? u
0.625000 0.000000 0.070804 ? u
0.625000 0.000000 0.062015 ? u
0.750000 0.000000 0.049728 ? u
0.625000 0.000000 0.055208 ? ug
0.625000 0.000000 0.058611 ? u
0.625000 0.000000 0.052515 ? ug
0.750000 0.000000 0.040228 ? u
0.625000 0.000000 0.055919 ? u
0.750000 0.000000 0.043631 ? u
0.750000 0.000000 0.037535 ? u
0.750000 0.000000 0.037535 ? u
0.875000 0.000000 0.025248 ? u
0.125000 0.000000 0.169993 ? u
0.250000 0.000000 0.143176 ? u
0.250000 0.000000 0.134032 ? ug
0.375000 0.000000 0.107215 ? u
0.250000 0.000000 0.136725 ? u
0.250000 0.000000 0.137080 ? u
0.375000 0.000000 0.112956 ? u
0.375000 0.000000 0.103456 ? ug
0.375000 0.000000 0.103812 ? ug
0.500000 0.000000 0.079688 ? u
0.250000 0.000000 0.140128 ? u
0.375000 0.000000 0.106860 ? u
0.375000 0.000000 0.107215 ? u
0.500000 0.000000 0.083091 ? u
0.375000 0.000000 0.116004 ? u
0.500000 0.000000 0.082736 ? u
0.500000 0.000000 0.083091 ? u
0.625000 0.000000 0.058967 ? u
0.500000 0.000000 0.094928 ? u
0.500000 0.000000 0.085784 ? u
0.500000 0.000000 0.082736 ? u
0.625000 0.000000 0.064708 ? u
0.500000 0.000000 0.088832 ? u
0.625000 0.000000 0.067756 ? u
0.750000 0.000000 0.046680 ? u
0.500000 0.000000 0.076640 ? u
0.625000 0.000000 0.055208 ? ug
0.625000 0.000000 0.058967 ? u
0.500000 0.000000 0.076640 ? u
0.625000 0.000000 0.058611 ? u
0.625000 0.000000 0.055563 ? ug
0.750000 0.000000 0.037535 ? u
0.750000 0.000000 0.040228 ? u
0.750000 0.000000 0.043631 ? u
0.750000 0.000000 0.040583 ? u
0.875000 0.000000 0.025248 ? u
0.250000 0.000000 0.137436 ? u
0.250000 0.000000 0.134032 ? ug
0.250000 0.000000 0.134387 ? u
0.375000 0.000000 0.105869 ? u
0.500000 0.000000 0.080398 ? u
0.375000 0.000000 0.108917 ? u
0.375000 0.000000 0.102110 ? ug
0.500000 0.000000 0.080043 ? u
0.375000 0.000000 0.102821 ? ug
0.500000 0.000000 0.080398 ? u
0.500000 0.000000 0.076995 ? u
0.500000 0.000000 0.080398 ? u
0.625000 0.000000 0.057620 ? u
0.625000 0.000000 0.060668 ? u
0.750000 0.000000 0.040939 ? u
0.625000 0.000000 0.053862 ? ug
0.750000 0.000000 0.037535 ? u
0.625000 0.000000 0.054572 ? ug
0.750000 0.000000 0.037891 ? u
0.250000 0.000000 0.137436 ? u
0.250000 0.000000 0.134387 ? u
0.375000 0.000000 0.105869 ? u
0.375000 0.000000 0.102110 ? ug
0.375000 0.000000 0.102821 ? ug
0.500000 0.000000 0.076995 ? u
0.500000 0.000000 0.080398 ? u
0.375000 0.000000 0.108917 ? u
0.500000 0.000000 0.080043 ? u
0.500000 0.000000 0.080398 ? u
0.625000 0.000000 0.057620 ? u
0.625000 0.000000 0.060668 ? u
0.750000 0.000000 0.040939 ? u
0.625000 0.000000 0.053862 ? ug
0.625000 0.000000 0.054572 ? ug
0.750000 0.000000 0.037891 ? u
0.250000 0.000000 0.137436 ? u
0.250000 0.000000 0.134387 ? u
0.375000 0.000000 0.105869 ? u
0.250000 0.000000 0.134032 ? ug
0.375000 0.000000 0.105869 ? u
0.375000 0.000000 0.102110 ? ug
0.375000 0.000000 0.102821 ? ug
0.500000 0.000000 0.076995 ? u
0.500000 0.000000 0.080398 ? u
0.375000 0.000000 0.108917 ? u
0.500000 0.000000 0.080043 ? u
0.500000 0.000000 0.080398 ? u
0.625000 0.000000 0.057620 ? u
0.500000 0.000000 0.083446 ? u
0.500000 0.000000 0.077350 ? u
0.625000 0.000000 0.057620 ? u
0.625000 0.000000 0.060668 ? u
0.750000 0.000000 0.040939 ? u
0.625000 0.000000 0.053862 ? ug
0.625000 0.000000 0.054572 ? ug
0.750000 0.000000 0.037891 ? u
0.750000 0.000000 0.037535 ? u
0.250000 0.000000 0.137436 ? u
0.250000 0.000000 0.134032 ? ug
0.250000 0.000000 0.131339 ? ug
0.375000 0.000000 0.102821 ? ug
0.250000 0.000000 0.137436 ? u
0.375000 0.000000 0.108917 ? u
0.500000 0.000000 0.080398 ? u
0.375000 0.000000 0.108917 ? u
0.375000 0.000000 0.102110 ? ug
0.500000 0.000000 0.076995 ? u
0.375000 0.000000 0.102821 ? ug
0.500000 0.000000 0.080398 ? u
0.500000 0.000000 0.076995 ? u
0.500000 0.000000 0.074302 ? u
0.625000 0.000000 0.054572 ? ug
0.500000 0.000000 0.083091 ? u
0.500000 0.000000 0.086494 ? u
0.625000 0.000000 0.060668 ? u
0.625000 0.000000 0.060668 ? u
0.750000 0.000000 0.040939 ? u
0.625000 0.000000 0.053862 ? ug
0.750000 0.000000 0.037535 ? u
0.625000 0.000000 0.054572 ? ug
0.750000 0.000000 0.040939 ? u
0.750000 0.000000 0.034843 ? ug
0.875000 0.000000 0.023902 ? ug
0.125000 0.000000 0.169993 ? u
0.250000 0.000000 0.140128 ? u
0.375000 0.000000 0.110263 ? u
0.250000 0.000000 0.136725 ? u
0.250000 0.000000 0.137080 ? u
0.375000 0.000000 0.109908 ? u
0.375000 0.000000 0.103456 ? ug
0.375000 0.000000 0.109908 ? u
0.500000 0.000000 0.082736 ? u
0.375000 0.000000 0.104167 ? u
0.500000 0.000000 0.083091 ? u
0.500000 0.000000 0.083091 ? u
0.625000 0.000000 0.062015 ? u
0.500000 0.000000 0.085784 ? u
0.500000 0.000000 0.079688 ? u
0.500000 0.000000 0.085784 ? u
0.625000 0.000000 0.061660 ? u
0.625000 0.000000 0.061660 ? u
0.750000 0.000000 0.043631 ? u
0.625000 0.000000 0.055208 ? ug
0.625000 0.000000 0.055919 ? u
0.750000 0.000000 0.040228 ? u
0.750000 0.000000 0.040583 ? u
0.875000 0.000000 0.025248 ? u
0.125000 0.000000 0.168647 ? ug
0.250000 0.000000 0.137436 ? u
0.250000 0.000000 0.131339 ? ug
0.375000 0.000000 0.102821 ? ug
0.375000 0.000000 0.108917 ? u
0.375000 0.000000 0.102110 ? ug
0.500000 0.000000 0.076995 ? u
0.500000 0.000000 0.080398 ? u
0.625000 0.000000 0.054572 ? ug
0.625000 0.000000 0.060668 ? u
0.750000 0.000000 0.040939 ? u
0.625000 0.000000 0.053862 ? ug
0.750000 0.000000 0.034843 ? ug
0.875000 0.000000 0.023902 ? ug
0.125000 0.000000 0.169993 ? u
0.250000 0.000000 0.140128 ? u
0.250000 0.000000 0.137080 ? u
0.375000 0.000000 0.112601 ? u
0.375000 0.000000 0.110263 ? u
0.375000 0.000000 0.103456 ? ug
0.375000 0.000000 0.107215 ? u
0.500000 0.000000 0.082736 ? u
0.375000 0.000000 0.104167 ? u
0.500000 0.000000 0.085784 ? u
0.500000 0.000000 0.079688 ? u
0.500000 0.000000 0.085784 ? u
0.625000 0.000000 0.064352 ? u
0.500000 0.000000 0.080398 ? u
0.625000 0.000000 0.062015 ? u
0.625000 0.000000 0.058967 ? u
0.750000 0.000000 0.043631 ? u
0.625000 0.000000 0.055208 ? ug
0.625000 0.000000 0.055919 ? u
0.750000 0.000000 0.040583 ? u
0.875000 0.000000 0.025248 ? u
0.125000 0.000000 0.172686 ? u
0.250000 0.000000 0.148562 ? u
0.250000 0.000000 0.139418 ? u
0.250000 0.000000 0.139418 ? u
0.375000 0.000000 0.115293 ? u
0.375000 0.000000 0.124438 ? u
0.500000 0.000000 0.100313 ? u
0.375000 0.000000 0.115293 ? u
0.375000 0.000000 0.106149 ? u
0.375000 0.000000 0.106149 ? u
0.500000 0.000000 0.082025 ? u
0.500000 0.000000 0.091169 ? u
0.500000 0.000000 0.091169 ? u
0.500000 0.000000 0.082025 ? u
0.625000 0.000000 0.067045 ? u
0.500000 0.000000 0.091169 ? u
0.625000 0.000000 0.076189 ? u
0.625000 0.000000 0.067045 ? u
0.750000 0.000000 0.052065 ? u
0.625000 0.000000 0.057901 ? u
0.625000 0.000000 0.057901 ? u
0.750000 0.000000 0.042921 ? u
0.750000 0.000000 0.042921 ? u
0.875000 0.000000 0.027941 ? u
0.125000 0.000000 0.169993 ? u
0.250000 0.000000 0.140128 ? u
0.250000 0.000000 0.134032 ? ug
0.250000 0.000000 0.137080 ? u
0.375000 0.000000 0.107215 ? u
0.375000 0.000000 0.110263 ? u
0.500000 0.000000 0.083446 ? u
0.375000 0.000000 0.112601 ? u
0.375000 0.000000 0.103456 ? ug
0.375000 0.000000 0.104167 ? u
0.500000 0.000000 0.079688 ? u
0.500000 0.000000 0.085784 ? u
0.500000 0.000000 0.082736 ? u
0.500000 0.000000 0.077350 ? u
0.625000 0.000000 0.058967 ? u
0.500000 0.000000 0.085784 ? u
0.625000 0.000000 0.062015 ? u
0.625000 0.000000 0.064352 ? u
0.750000 0.000000 0.043631 ? u
0.625000 0.000000 0.055208 ? ug
0.625000 0.000000 0.055919 ? u
0.750000 0.000000 0.037535 ? u
0.750000 0.000000 0.040583 ? u
0.875000 0.000000 0.025248 ? u
0.100000 0.000000 0.177186 ? u
=======
0.166667 0.000000 0.160370 ? u
0.333333 0.000000 0.115052 ? ug
0.500000 0.000000 0.081792 ? u
0.666667 0.000000 0.047635 ? ug
0.833333 0.000000 0.025536 ? ug
0.166667 0.000000 0.160370 ? u
0.333333 0.000000 0.123240 ? u
0.333333 0.000000 0.115052 ? ug
0.500000 0.000000 0.081792 ? u
0.333333 0.000000 0.119370 ? u
0.500000 0.000000 0.085662 ? u
0.666667 0.000000 0.055823 ? u
0.500000 0.000000 0.077922 ? u
0.666667 0.000000 0.047635 ? ug
0.666667 0.000000 0.051953 ? u
0.666667 0.000000 0.048084 ? u
0.833333 0.000000 0.025536 ? ug
0.500000 0.000000 0.078371 ? u
0.333333 0.000000 0.115949 ? u
0.333333 0.000000 0.113342 ? ug
0.500000 0.000000 0.078371 ? u
0.666667 0.000000 0.045925 ? ug
0.333333 0.000000 0.130083 ? u
0.333333 0.000000 0.118474 ? u
0.333333 0.000000 0.118474 ? u
0.500000 0.000000 0.084765 ? u
0.500000 0.000000 0.096374 ? u
0.666667 0.000000 0.062666 ? u
0.666667 0.000000 0.051057 ? u
0.666667 0.000000 0.051057 ? u
0.125000 0.000000 0.172555 ? u
0.250000 0.000000 0.147610 ? u
0.250000 0.000000 0.138566 ? u
0.250000 0.000000 0.136000 ? ug
0.375000 0.000000 0.113621 ? u
0.250000 0.000000 0.141805 ? u
0.375000 0.000000 0.119426 ? u
0.500000 0.000000 0.097047 ? u
0.250000 0.000000 0.136000 ? ug
0.375000 0.000000 0.111055 ? u
0.375000 0.000000 0.104578 ? ug
0.375000 0.000000 0.102012 ? ug
0.500000 0.000000 0.079633 ? u
0.375000 0.000000 0.105251 ? u
0.500000 0.000000 0.082872 ? u
0.500000 0.000000 0.085438 ? u
0.500000 0.000000 0.079633 ? u
0.625000 0.000000 0.063059 ? u
0.375000 0.000000 0.107817 ? u
0.500000 0.000000 0.082872 ? u
0.500000 0.000000 0.085438 ? u
0.500000 0.000000 0.091242 ? u
0.625000 0.000000 0.068863 ? u
0.625000 0.000000 0.060492 ? u
0.750000 0.000000 0.046484 ? u
0.625000 0.000000 0.054015 ? ug
0.625000 0.000000 0.057254 ? u
0.625000 0.000000 0.051449 ? ug
0.750000 0.000000 0.037441 ? u
0.625000 0.000000 0.054688 ? u
0.750000 0.000000 0.040679 ? u
0.750000 0.000000 0.034875 ? u
0.750000 0.000000 0.034875 ? u
0.875000 0.000000 0.020867 ? ug
0.125000 0.000000 0.172555 ? u
0.250000 0.000000 0.144707 ? u
0.250000 0.000000 0.136000 ? ug
0.375000 0.000000 0.108153 ? u
0.250000 0.000000 0.138566 ? u
0.250000 0.000000 0.138903 ? u
0.375000 0.000000 0.113621 ? u
0.375000 0.000000 0.104578 ? ug
0.375000 0.000000 0.104914 ? ug
0.500000 0.000000 0.079633 ? u
0.250000 0.000000 0.141805 ? u
0.375000 0.000000 0.107817 ? u
0.375000 0.000000 0.108153 ? u
0.500000 0.000000 0.082872 ? u
0.375000 0.000000 0.116524 ? u
0.500000 0.000000 0.082535 ? u
0.500000 0.000000 0.082872 ? u
0.625000 0.000000 0.057590 ? u
0.500000 0.000000 0.094145 ? u
0.500000 0.000000 0.085438 ? u
0.500000 0.000000 0.082535 ? u
0.625000 0.000000 0.063059 ? u
0.500000 0.000000 0.088340 ? u
0.625000 0.000000 0.065961 ? u
0.750000 0.000000 0.043582 ? u
0.500000 0.000000 0.076731 ? u
0.625000 0.000000 0.054015 ? ug
0.625000 0.000000 0.057590 ? u
0.500000 0.000000 0.076731 ? u
0.625000 0.000000 0.057254 ? u
0.625000 0.000000 0.054352 ? ug
0.750000 0.000000 0.034875 ? u
0.750000 0.000000 0.037441 ? u
0.750000 0.000000 0.040679 ? u
0.750000 0.000000 0.037777 ? u
0.875000 0.000000 0.020867 ? ug
0.250000 0.000000 0.139239 ? u
0.250000 0.000000 0.136000 ? ug
0.250000 0.000000 0.136337 ? u
0.375000 0.000000 0.106870 ? u
0.500000 0.000000 0.080305 ? u
0.375000 0.000000 0.109772 ? u
0.375000 0.000000 0.103295 ? ug
0.500000 0.000000 0.079969 ? u
0.375000 0.000000 0.103968 ? ug
0.500000 0.000000 0.080305 ? u
0.500000 0.000000 0.077067 ? u
0.500000 0.000000 0.080305 ? u
0.625000 0.000000 0.056307 ? u
0.625000 0.000000 0.059209 ? u
0.750000 0.000000 0.038113 ? u
0.625000 0.000000 0.052732 ? ug
0.750000 0.000000 0.034875 ? u
0.625000 0.000000 0.053405 ? ug
0.750000 0.000000 0.035211 ? u
0.125000 0.000000 0.171272 156 bg
0.250000 0.000000 0.139239 ? u
0.250000 0.000000 0.136337 ? u
0.375000 0.000000 0.106870 ? u
0.375000 0.000000 0.103295 ? ug
0.375000 0.000000 0.103968 ? ug
0.500000 0.000000 0.077067 ? u
0.500000 0.000000 0.080305 ? u
0.375000 0.000000 0.109772 ? u
0.500000 0.000000 0.079969 ? u
0.500000 0.000000 0.080305 ? u
0.625000 0.000000 0.056307 ? u
0.625000 0.000000 0.059209 ? u
0.750000 0.000000 0.038113 ? u
0.625000 0.000000 0.052732 ? ug
0.625000 0.000000 0.053405 ? ug
0.750000 0.000000 0.035211 ? u
0.875000 0.000000 0.019583 173 bg
0.125000 0.000000 0.171272 174 bg
0.250000 0.000000 0.139239 ? u
0.250000 0.000000 0.136337 ? u
0.375000 0.000000 0.106870 ? u
0.250000 0.000000 0.136000 ? ug
0.375000 0.000000 0.106870 ? u
0.375000 0.000000 0.103295 ? ug
0.375000 0.000000 0.103968 ? ug
0.500000 0.000000 0.077067 ? u
0.500000 0.000000 0.080305 ? u
0.375000 0.000000 0.109772 ? u
0.500000 0.000000 0.079969 ? u
0.500000 0.000000 0.080305 ? u
0.625000 0.000000 0.056307 ? u
0.500000 0.000000 0.083208 ? u
0.500000 0.000000 0.077403 ? u
0.625000 0.000000 0.056307 ? u
0.625000 0.000000 0.059209 ? u
0.750000 0.000000 0.038113 ? u
0.625000 0.000000 0.052732 ? ug
0.625000 0.000000 0.053405 ? ug
0.750000 0.000000 0.035211 ? u
0.750000 0.000000 0.034875 ? u
0.875000 0.000000 0.019583 197 bg
0.250000 0.000000 0.139239 ? u
0.250000 0.000000 0.136000 ? ug
0.250000 0.000000 0.133434 ? ug
0.375000 0.000000 0.103968 ? ug
0.250000 0.000000 0.139239 ? u
0.375000 0.000000 0.109772 ? u
0.500000 0.000000 0.080305 ? u
0.375000 0.000000 0.109772 ? u
0.375000 0.000000 0.103295 ? ug
0.500000 0.000000 0.077067 ? u
0.375000 0.000000 0.103968 ? ug
0.500000 0.000000 0.080305 ? u
0.500000 0.000000 0.077067 ? u
0.500000 0.000000 0.074501 ? u
0.625000 0.000000 0.053405 ? ug
0.500000 0.000000 0.082872 ? u
0.500000 0.000000 0.086110 ? u
0.625000 0.000000 0.059209 ? u
0.625000 0.000000 0.059209 ? u
0.750000 0.000000 0.038113 ? u
0.625000 0.000000 0.052732 ? ug
0.750000 0.000000 0.034875 ? u
0.625000 0.000000 0.053405 ? ug
0.750000 0.000000 0.038113 ? u
0.750000 0.000000 0.032309 ? ug
0.875000 0.000000 0.019583 ? ug
0.125000 0.000000 0.172555 ? u
0.250000 0.000000 0.141805 ? u
0.375000 0.000000 0.111055 ? u
0.250000 0.000000 0.138566 ? u
0.250000 0.000000 0.138903 ? u
0.375000 0.000000 0.110719 ? u
0.375000 0.000000 0.104578 ? ug
0.375000 0.000000 0.110719 ? u
0.500000 0.000000 0.082535 ? u
0.375000 0.000000 0.105251 ? u
0.500000 0.000000 0.082872 ? u
0.500000 0.000000 0.082872 ? u
0.625000 0.000000 0.060492 ? u
0.500000 0.000000 0.085438 ? u
0.500000 0.000000 0.079633 ? u
0.500000 0.000000 0.085438 ? u
0.625000 0.000000 0.060156 ? u
0.625000 0.000000 0.060156 ? u
0.750000 0.000000 0.040679 ? u
0.625000 0.000000 0.054015 ? ug
0.625000 0.000000 0.054688 ? u
0.750000 0.000000 0.037441 ? u
0.750000 0.000000 0.037777 ? u
0.875000 0.000000 0.020867 ? ug
0.125000 0.000000 0.171272 ? ug
0.250000 0.000000 0.139239 ? u
0.250000 0.000000 0.133434 ? ug
0.375000 0.000000 0.103968 ? ug
0.375000 0.000000 0.109772 ? u
0.375000 0.000000 0.103295 ? ug
0.500000 0.000000 0.077067 ? u
0.500000 0.000000 0.080305 ? u
0.625000 0.000000 0.053405 ? ug
0.625000 0.000000 0.059209 ? u
0.750000 0.000000 0.038113 ? u
0.625000 0.000000 0.052732 ? ug
0.750000 0.000000 0.032309 ? ug
0.875000 0.000000 0.019583 ? ug
0.125000 0.000000 0.172555 ? u
0.250000 0.000000 0.141805 ? u
0.250000 0.000000 0.138903 ? u
0.375000 0.000000 0.113285 ? u
0.375000 0.000000 0.111055 ? u
0.375000 0.000000 0.104578 ? ug
0.375000 0.000000 0.108153 ? u
0.500000 0.000000 0.082535 ? u
0.375000 0.000000 0.105251 ? u
0.500000 0.000000 0.085438 ? u
0.500000 0.000000 0.079633 ? u
0.500000 0.000000 0.085438 ? u
0.625000 0.000000 0.062722 ? u
0.500000 0.000000 0.080305 ? u
0.625000 0.000000 0.060492 ? u
0.625000 0.000000 0.057590 ? u
0.750000 0.000000 0.040679 ? u
0.625000 0.000000 0.054015 ? ug
0.625000 0.000000 0.054688 ? u
0.750000 0.000000 0.037777 ? u
0.875000 0.000000 0.020867 ? ug
0.125000 0.000000 0.175121 ? u
0.250000 0.000000 0.149839 ? u
0.250000 0.000000 0.141133 ? u
0.250000 0.000000 0.141133 ? u
0.375000 0.000000 0.115851 ? u
0.375000 0.000000 0.124558 ? u
0.500000 0.000000 0.099277 ? u
0.375000 0.000000 0.115851 ? u
0.375000 0.000000 0.107144 ? u
0.375000 0.000000 0.107144 ? u
0.500000 0.000000 0.081863 ? u
0.500000 0.000000 0.090570 ? u
0.500000 0.000000 0.090570 ? u
0.500000 0.000000 0.081863 ? u
0.625000 0.000000 0.065288 ? u
0.500000 0.000000 0.090570 ? u
0.625000 0.000000 0.073995 ? u
0.625000 0.000000 0.065288 ? u
0.750000 0.000000 0.048714 ? u
0.625000 0.000000 0.056582 ? u
0.625000 0.000000 0.056582 ? u
0.750000 0.000000 0.040007 ? u
0.750000 0.000000 0.040007 ? u
0.875000 0.000000 0.023433 ? u
0.125000 0.000000 0.172555 ? u
0.250000 0.000000 0.141805 ? u
0.250000 0.000000 0.136000 ? ug
0.250000 0.000000 0.138903 ? u
0.375000 0.000000 0.108153 ? u
0.375000 0.000000 0.111055 ? u
0.500000 0.000000 0.083208 ? u
0.375000 0.000000 0.113285 ? u
0.375000 0.000000 0.104578 ? ug
0.375000 0.000000 0.105251 ? u
0.500000 0.000000 0.079633 ? u
0.500000 0.000000 0.085438 ? u
0.500000 0.000000 0.082535 ? u
0.500000 0.000000 0.077403 ? u
0.625000 0.000000 0.057590 ? u
0.500000 0.000000 0.085438 ? u
0.625000 0.000000 0.060492 ? u
0.625000 0.000000 0.062722 ? u
0.750000 0.000000 0.040679 ? u
0.625000 0.000000 0.054015 ? ug
0.625000 0.000000 0.054688 ? u
0.750000 0.000000 0.034875 ? u
0.750000 0.000000 0.037777 ? u
0.875000 0.000000 0.020867 ? ug
0.100000 0.000000 0.179866 ? u
>>>>>>> 916d4709b2147fd693e56315b3824d3945851775
