0.000000 0.000000 0.003497 -0.003497 1.000000 0
1.000000 -0.000000 -0.001533 0.001533 1.000000 1
0.500000 -0.020763 -0.020530 -0.000233 1.000000 2
0.500000 0.018752 0.020210 -0.001458 1.000000 3
<<<<<<< HEAD
0.333333 -0.030264 -0.026297 -0.003967 1.000000 800.666667 -0.022914 -0.027974 0.005060 1.000000 900.333333 -0.017369 -0.018189 0.000820 1.000000 4
0.333333 -0.001533 -0.008109 0.006576 1.000000 6
0.666667 -0.016362 -0.009786 -0.006576 1.000000 7
0.500000 -0.017622 -0.014706 -0.002915 1.000000 2700.250000 -0.016581 -0.017513 0.000933 1.000000 21
0.500000 -0.029874 -0.027768 -0.002106 1.000000 20.0.250000 0.005033 -0.000798 0.005831 1.000000 26
=======
0.333333 -0.017369 -0.018189 0.000820 1.000000 4
0.333333 -0.001533 -0.008109 0.006576 1.000000 6
0.666667 -0.016362 -0.009786 -0.006576 1.000000 7
0.333333 -0.030264 -0.026297 -0.003967 1.000000 8
0.666667 -0.022914 -0.027974 0.005060 1.000000 9
0.250000 -0.016581 -0.017513 0.000933 1.000000 21
0.500000 -0.029874 -0.027768 -0.002106 1.000000 22
0.250000 0.005033 -0.000798 0.005831 1.000000 26
0.500000 -0.017622 -0.014706 -0.002915 1.000000 27
>>>>>>> 916d4709b2147fd693e56315b3824d3945851775
