<<<<<<< HEAD
2 3.045000 4 -0.000842
2 3.516063 3 0.005252
2 4.972464 6 0.002184
2 5.830731 12 0.000305
2 6.090000 4 0.000777
2 7.032126 3 0.002004
2 7.663082 12 0.000194
2 7.862156 12 -0.000488
2 8.612560 12 -0.000090
2 9.135000 12 0.000159
2 9.135000 4 0.000051
2 9.944928 6 -0.000097
2 10.400655 24 -0.000643
3 3.516063 12 -0.000391
3 4.972464 12 0.000205
3 4.972464 12 0.000864
3 4.972464 8 -0.001133
3 5.830731 24 -0.000166
3 5.830731 48 -0.000100
3 5.830731 24 0.000413
3 5.830731 12 -0.000942
3 5.830731 24 0.000613
3 6.090000 4 0.002701
3 6.090000 24 -0.000061
3 6.090000 24 0.000013
3 6.090000 24 -0.000058
3 7.032126 24 -0.000303
3 7.032126 3 -0.001979
3 7.032126 12 0.001170
3 7.032126 12 -0.000199
=======
2 3.045000 4 -0.000736
2 3.516063 3 0.006371
2 4.972464 6 0.003292
2 5.830731 12 -0.000746
2 6.090000 4 0.000767
2 7.032126 3 0.001681
2 7.663082 12 0.000094
2 7.862156 12 -0.000810
3 3.516063 12 -0.001173
3 4.972464 12 0.000348
3 4.972464 12 0.000028
3 4.972464 8 -0.000237
3 5.830731 24 0.000198
3 5.830731 48 0.000507
3 5.830731 24 0.000135
3 5.830731 12 -0.000305
3 5.830731 24 -0.000309
4 3.516063 6 -0.001219
>>>>>>> 5e9e5684d371b66e74b3227e06fdcc8ee35ef154
