0.000000 0.000000 -0.001736 0.001736 1.000000 0
1.000000 0.091107 0.088434 0.002673 1.000000 1
0.500000 0.024793 0.025017 -0.000224 1.000000 2
0.500000 0.064328 0.064893 -0.000565 1.000000 3
0.333333 0.013003 0.010756 0.002247 1.000000 4
0.666667 0.042398 0.041441 0.000957 1.000000 5
0.333333 0.028837 0.028923 -0.000086 1.000000 6
0.666667 0.044378 0.046061 -0.001683 1.000000 7
0.333333 0.000110 0.001615 -0.001505 1.000000 8
0.666667 0.037824 0.035489 0.002335 1.000000 9
0.500000 0.028881 0.029505 -0.000624 1.000000 11
0.750000 0.055206 0.054622 0.000584 1.000000 12
0.250000 0.026230 0.026675 -0.000445 1.000000 13
0.500000 0.025728 0.025137 0.000591 1.000000 14
0.500000 0.029252 0.029842 -0.000590 1.000000 17
0.750000 0.035682 0.041141 -0.005459 1.000000 23
0.250000 0.009479 0.011171 -0.001693 1.000000 24
0.750000 0.050359 0.048028 0.002331 1.000000 25
0.250000 0.027811 0.027679 0.000132 1.000000 26
0.500000 0.027934 0.029204 -0.001270 1.000000 27
0.750000 0.062664 0.059424 0.003240 1.000000 20
0.250000 0.005990 0.008368 -0.002378 1.000000 21
0.500000 0.015476 0.015326 0.000149 1.000000 22
0.800000 0.055747 0.053511 0.002236 1.000000 44
0.400000 0.010293 0.009628 0.000664 1.000000 46
0.600000 0.026351 0.027481 -0.001130 1.000000 48
0.600000 0.022120 0.022496 -0.000376 1.000000 49
0.600000 0.038072 0.038927 -0.000855 1.000000 54
0.800000 0.037286 0.048270 -0.010983 1.000000 50
0.200000 0.011673 0.009745 0.001928 1.000000 51
0.600000 0.035942 0.036366 -0.000424 1.000000 55
0.166667 0.001326 0.005503 -0.004177 1.000000 121
0.500000 0.015612 0.012931 0.002681 1.000000 77
0.666667 0.036336 0.037991 -0.001655 1.000000 78
0.666667 0.034011 0.028902 0.005110 1.000000 94
0.666667 0.040428 0.039804 0.000624 1.000000 135
0.428571 0.032495 0.031729 0.000766 1.000000 176
0.428571 0.017539 0.012403 0.005136 1.000000 190
