<<<<<<< HEAD
0.333333 0.000000 -0.008901 8 bg
=======
0.666667 0.000000 0.032007 ? ug
0.500000 0.000000 0.017150 ? ug
0.666667 0.000000 0.033455 ? ug
0.666667 0.000000 0.034495 ? ug
0.571429 0.000000 0.024342 ? ug
0.571429 0.000000 0.024043 ? ug
0.571429 0.000000 0.025287 ? ug
0.714286 0.000000 0.038155 ? ug
0.428571 0.000000 0.010269 ? ug
0.571429 0.000000 0.023911 ? ug
0.571429 0.000000 0.024786 ? ug
0.714286 0.000000 0.038719 ? ug
0.428571 0.000000 0.010894 ? ug
0.571429 0.000000 0.021494 ? ug
0.714286 0.000000 0.038133 ? ug
0.857143 0.000000 0.059123 ? ug
0.571429 0.000000 0.025137 ? ug
0.714286 0.000000 0.036989 ? ug
>>>>>>> 5e9e5684d371b66e74b3227e06fdcc8ee35ef154
