0.250000 0.000000 0.009066 ? u
0.750000 0.000000 0.052583 ? u
0.250000 0.000000 0.018063 ? u
0.750000 0.000000 0.055716 ? u
0.250000 0.000000 0.029468 ? u
0.750000 0.000000 0.084909 ? u
0.200000 0.000000 0.006906 ? u
0.400000 0.000000 0.016460 ? u
0.400000 0.000000 0.024403 ? u
0.600000 0.000000 0.034871 ? u
0.600000 0.000000 0.042437 ? u
0.800000 0.000000 0.061385 ? u
0.200000 0.000000 0.022241 ? u
0.400000 0.000000 0.044559 ? u
0.400000 0.000000 0.026593 ? u
0.600000 0.000000 0.054842 ? u
0.600000 0.000000 0.037037 ? u
0.800000 0.000000 0.061002 ? u
0.200000 0.000000 0.012535 ? u
0.400000 0.000000 0.018223 ? u
0.600000 0.000000 0.029694 ? u
0.200000 0.000000 0.005804 ? u
0.400000 0.000000 0.015917 ? u
0.400000 0.000000 0.018669 ? u
0.400000 0.000000 0.013741 ? u
0.800000 0.000000 0.070662 ? u
0.166667 0.000000 0.016029 ? u
0.333333 0.000000 0.017673 ? u
0.333333 0.000000 0.039426 ? u
0.500000 0.000000 0.025822 ? u
0.500000 0.000000 0.031076 ? u
0.666667 0.000000 0.037022 ? u
0.666667 0.000000 0.054339 ? u
0.833333 0.000000 0.063374 ? u
0.166667 0.000000 0.017235 ? u
0.333333 0.000000 0.034235 ? u
0.333333 0.000000 0.027687 ? u
0.500000 0.000000 0.043937 ? u
0.500000 0.000000 0.032282 ? u
0.666667 0.000000 0.054278 ? u
0.666667 0.000000 0.041906 ? u
0.833333 0.000000 0.064579 ? u
0.166667 0.000000 0.005593 ? u
0.333333 0.000000 0.010125 ? u
0.333333 0.000000 0.008433 ? u
0.500000 0.000000 0.021688 ? u
0.666667 0.000000 0.036508 ? u
0.833333 0.000000 0.064575 ? u
0.166667 0.000000 0.005486 ? u
0.333333 0.000000 0.011933 ? u
0.333333 0.000000 0.013801 ? u
0.500000 0.000000 0.018557 ? u
0.500000 0.000000 0.022685 ? u
0.666667 0.000000 0.032007 ? ug
0.666667 0.000000 0.036598 ? u
0.833333 0.000000 0.057135 ? u
0.166667 0.000000 0.011115 ? u
0.333333 0.000000 0.033103 ? u
0.333333 0.000000 0.004936 ? u
0.500000 0.000000 0.017150 ? ug
0.500000 0.000000 0.025271 ? u
0.666667 0.000000 0.059866 ? u
0.833333 0.000000 0.067490 ? u
0.166667 0.000000 0.013400 ? u
0.333333 0.000000 0.017574 ? u
0.333333 0.000000 0.019500 ? u
0.500000 0.000000 0.030679 ? u
0.500000 0.000000 0.022856 ? u
0.666667 0.000000 0.035260 ? u
0.666667 0.000000 0.041997 ? u
0.833333 0.000000 0.060319 ? u
0.166667 0.000000 0.005465 ? u
0.333333 0.000000 0.020047 ? u
0.333333 0.000000 0.014383 ? u
0.500000 0.000000 0.036030 ? u
0.500000 0.000000 0.027054 ? u
0.666667 0.000000 0.050104 ? u
0.666667 0.000000 0.044754 ? u
0.833333 0.000000 0.065893 ? u
0.166667 0.000000 0.018245 ? u
0.333333 0.000000 0.022911 ? u
0.333333 0.000000 0.040455 ? u
0.500000 0.000000 0.036266 ? u
0.500000 0.000000 0.038981 ? u
0.666667 0.000000 0.046643 ? u
0.666667 0.000000 0.057727 ? u
0.833333 0.000000 0.065574 ? u
0.333333 0.000000 0.014433 ? u
0.333333 0.000000 0.014705 ? u
0.500000 0.000000 0.023704 ? u
0.500000 0.000000 0.018312 ? u
0.666667 0.000000 0.033455 ? ug
0.666667 0.000000 0.034495 ? ug
0.833333 0.000000 0.055919 ? u
0.166667 0.000000 0.012816 ? u
0.333333 0.000000 0.014212 ? u
0.333333 0.000000 0.017637 ? u
0.500000 0.000000 0.021245 ? u
0.500000 0.000000 0.031902 ? u
0.666667 0.000000 0.052463 ? u
0.833333 0.000000 0.069852 ? u
0.142857 0.000000 0.010633 ? u
0.285714 0.000000 0.021650 ? u
0.285714 0.000000 0.016850 ? u
0.428571 0.000000 0.029620 ? u
0.285714 0.000000 0.014137 ? u
0.428571 0.000000 0.023693 ? u
0.571429 0.000000 0.038111 ? u
0.428571 0.000000 0.019096 ? u
0.428571 0.000000 0.021355 ? u
0.571429 0.000000 0.032762 ? u
0.571429 0.000000 0.027290 ? u
0.714286 0.000000 0.050510 ? u
0.571429 0.000000 0.028320 ? u
0.714286 0.000000 0.042955 ? u
0.714286 0.000000 0.041173 ? u
0.857143 0.000000 0.063730 ? u
0.142857 0.000000 0.004437 ? u
0.285714 0.000000 0.012080 ? u
0.285714 0.000000 0.009790 ? u
0.428571 0.000000 0.018905 ? u
0.285714 0.000000 0.016935 ? u
0.428571 0.000000 0.023760 ? u
0.571429 0.000000 0.032056 ? u
0.428571 0.000000 0.030635 ? u
0.428571 0.000000 0.021470 ? u
0.571429 0.000000 0.036641 ? u
0.571429 0.000000 0.043517 ? u
0.714286 0.000000 0.050994 ? u
0.571429 0.000000 0.034621 ? u
0.714286 0.000000 0.048973 ? u
0.714286 0.000000 0.055579 ? u
0.857143 0.000000 0.069113 ? u
0.142857 0.000000 0.015390 ? u
0.285714 0.000000 0.035319 ? u
0.285714 0.000000 0.027638 ? u
0.428571 0.000000 0.050369 ? u
0.285714 0.000000 0.019390 ? u
0.428571 0.000000 0.037151 ? u
0.571429 0.000000 0.057714 ? u
0.428571 0.000000 0.026760 ? u
0.571429 0.000000 0.044611 ? u
0.571429 0.000000 0.044611 ? u
0.714286 0.000000 0.063005 ? u
0.571429 0.000000 0.034104 ? u
0.714286 0.000000 0.049788 ? u
0.714286 0.000000 0.052613 ? u
0.857143 0.000000 0.068840 ? u
0.142857 0.000000 0.005977 ? u
0.285714 0.000000 0.010803 ? u
0.285714 0.000000 0.006516 ? u
0.428571 0.000000 0.016732 ? u
0.285714 0.000000 0.008556 ? u
0.571429 0.000000 0.024342 ? ug
0.428571 0.000000 0.014313 ? u
0.428571 0.000000 0.012275 ? u
0.571429 0.000000 0.024043 ? ug
0.571429 0.000000 0.025287 ? ug
0.714286 0.000000 0.038155 ? ug
0.571429 0.000000 0.027536 ? u
0.714286 0.000000 0.045807 ? u
0.714286 0.000000 0.046922 ? u
0.857143 0.000000 0.066743 ? u
0.142857 0.000000 0.004468 ? u
0.285714 0.000000 0.011969 ? u
0.285714 0.000000 0.005474 ? u
0.428571 0.000000 0.014025 ? u
0.285714 0.000000 0.012942 ? u
0.428571 0.000000 0.019456 ? u
0.571429 0.000000 0.026777 ? u
0.428571 0.000000 0.021319 ? u
0.428571 0.000000 0.010269 ? ug
0.571429 0.000000 0.023911 ? ug
0.571429 0.000000 0.032924 ? u
0.714286 0.000000 0.040536 ? u
0.571429 0.000000 0.024786 ? ug
0.714286 0.000000 0.038719 ? ug
0.714286 0.000000 0.042128 ? u
0.857143 0.000000 0.060564 ? u
0.142857 0.000000 0.003247 ? u
0.285714 0.000000 0.008020 ? u
0.428571 0.000000 0.016550 ? u
0.428571 0.000000 0.010894 ? ug
0.571429 0.000000 0.021494 ? ug
0.571429 0.000000 0.027150 ? u
0.714286 0.000000 0.038133 ? ug
0.857143 0.000000 0.059123 ? ug
0.142857 0.000000 0.011780 ? u
0.285714 0.000000 0.019170 ? u
0.285714 0.000000 0.011638 ? u
0.428571 0.000000 0.017998 ? u
0.285714 0.000000 0.024519 ? u
0.428571 0.000000 0.027306 ? u
0.571429 0.000000 0.034159 ? u
0.428571 0.000000 0.034537 ? u
0.428571 0.000000 0.020756 ? u
0.571429 0.000000 0.038800 ? u
0.571429 0.000000 0.049007 ? u
0.714286 0.000000 0.066390 ? u
0.571429 0.000000 0.025137 ? ug
0.714286 0.000000 0.036989 ? ug
0.714286 0.000000 0.058268 ? u
0.857143 0.000000 0.072983 ? u
0.125000 0.000000 0.003665 ? u
